<?xml version="1.0" encoding="UTF-8"?>
<testng-results ignored="0" total="3" passed="2" failed="1" skipped="0">
  <reporter-output>
  </reporter-output>
  <suite started-at="2020-11-23T22:27:54 CST" name="TFAutomationProject" finished-at="2020-11-23T22:28:21 CST" duration-ms="27556">
    <groups>
    </groups>
    <test started-at="2020-11-23T22:27:54 CST" name="TestAdd_RemoveCat1" finished-at="2020-11-23T22:28:08 CST" duration-ms="14639">
      <class name="com.tfAutomationProject.testCases.TC_AddCat_001">
        <test-method is-config="true" signature="setUp()[pri:0, instance:com.tfAutomationProject.testCases.TC_AddCat_001@2ccca26f]" started-at="2020-11-23T22:27:54 CST" name="setUp" finished-at="2020-11-23T22:28:04 CST" duration-ms="9741" status="PASS">
          <reporter-output>
          </reporter-output>
        </test-method> <!-- setUp -->
        <test-method signature="addCategory()[pri:0, instance:com.tfAutomationProject.testCases.TC_AddCat_001@2ccca26f]" started-at="2020-11-23T22:28:04 CST" name="addCategory" finished-at="2020-11-23T22:28:08 CST" duration-ms="4049" status="PASS">
          <reporter-output>
          </reporter-output>
        </test-method> <!-- addCategory -->
        <test-method is-config="true" signature="tearDown()[pri:0, instance:com.tfAutomationProject.testCases.TC_AddCat_001@2ccca26f]" started-at="2020-11-23T22:28:08 CST" name="tearDown" finished-at="2020-11-23T22:28:08 CST" duration-ms="302" status="PASS">
          <reporter-output>
          </reporter-output>
        </test-method> <!-- tearDown -->
      </class> <!-- com.tfAutomationProject.testCases.TC_AddCat_001 -->
    </test> <!-- TestAdd_RemoveCat1 -->
    <test started-at="2020-11-23T22:28:09 CST" name="TestAdd_RemoveCat2" finished-at="2020-11-23T22:28:16 CST" duration-ms="6605">
      <class name="com.tfAutomationProject.testCases.TC_DuplicateCategory_002">
        <test-method is-config="true" signature="setUp()[pri:0, instance:com.tfAutomationProject.testCases.TC_DuplicateCategory_002@abf688e]" started-at="2020-11-23T22:28:09 CST" name="setUp" finished-at="2020-11-23T22:28:12 CST" duration-ms="2973" status="PASS">
          <reporter-output>
          </reporter-output>
        </test-method> <!-- setUp -->
        <test-method signature="addCategory()[pri:0, instance:com.tfAutomationProject.testCases.TC_DuplicateCategory_002@abf688e]" started-at="2020-11-23T22:28:12 CST" name="addCategory" finished-at="2020-11-23T22:28:15 CST" duration-ms="3163" status="FAIL">
          <exception class="java.lang.AssertionError">
            <message>
              <![CDATA[expected [The category you want to add already exists:] but found [Are you sure you wish to remove Test1980?

Yes or Nevermind]]]>
            </message>
            <full-stacktrace>
              <![CDATA[java.lang.AssertionError: expected [The category you want to add already exists:] but found [Are you sure you wish to remove Test1980?

Yes or Nevermind]
at org.testng.Assert.fail(Assert.java:97)
at org.testng.Assert.assertEqualsImpl(Assert.java:136)
at org.testng.Assert.assertEquals(Assert.java:118)
at org.testng.Assert.assertEquals(Assert.java:575)
at org.testng.Assert.assertEquals(Assert.java:585)
at com.tfAutomationProject.testCases.TC_DuplicateCategory_002.addCategory(TC_DuplicateCategory_002.java:36)
at java.base/jdk.internal.reflect.NativeMethodAccessorImpl.invoke0(Native Method)
at java.base/jdk.internal.reflect.NativeMethodAccessorImpl.invoke(NativeMethodAccessorImpl.java:62)
at java.base/jdk.internal.reflect.DelegatingMethodAccessorImpl.invoke(DelegatingMethodAccessorImpl.java:43)
at java.base/java.lang.reflect.Method.invoke(Method.java:564)
at org.testng.internal.MethodInvocationHelper.invokeMethod(MethodInvocationHelper.java:134)
at org.testng.internal.TestInvoker.invokeMethod(TestInvoker.java:597)
at org.testng.internal.TestInvoker.invokeTestMethod(TestInvoker.java:173)
at org.testng.internal.MethodRunner.runInSequence(MethodRunner.java:46)
at org.testng.internal.TestInvoker$MethodInvocationAgent.invoke(TestInvoker.java:816)
at org.testng.internal.TestInvoker.invokeTestMethods(TestInvoker.java:146)
at org.testng.internal.TestMethodWorker.invokeTestMethods(TestMethodWorker.java:146)
at org.testng.internal.TestMethodWorker.run(TestMethodWorker.java:128)
at java.base/java.util.ArrayList.forEach(ArrayList.java:1511)
at org.testng.TestRunner.privateRun(TestRunner.java:766)
at org.testng.TestRunner.run(TestRunner.java:587)
at org.testng.SuiteRunner.runTest(SuiteRunner.java:384)
at org.testng.SuiteRunner.runSequentially(SuiteRunner.java:378)
at org.testng.SuiteRunner.privateRun(SuiteRunner.java:337)
at org.testng.SuiteRunner.run(SuiteRunner.java:286)
at org.testng.SuiteRunnerWorker.runSuite(SuiteRunnerWorker.java:53)
at org.testng.SuiteRunnerWorker.run(SuiteRunnerWorker.java:96)
at org.testng.TestNG.runSuitesSequentially(TestNG.java:1187)
at org.testng.TestNG.runSuitesLocally(TestNG.java:1109)
at org.testng.TestNG.runSuites(TestNG.java:1039)
at org.testng.TestNG.run(TestNG.java:1007)
at org.testng.remote.AbstractRemoteTestNG.run(AbstractRemoteTestNG.java:115)
at org.testng.remote.RemoteTestNG.initAndRun(RemoteTestNG.java:251)
at org.testng.remote.RemoteTestNG.main(RemoteTestNG.java:77)
]]>
            </full-stacktrace>
          </exception> <!-- java.lang.AssertionError -->
          <reporter-output>
          </reporter-output>
        </test-method> <!-- addCategory -->
        <test-method is-config="true" signature="tearDown()[pri:0, instance:com.tfAutomationProject.testCases.TC_DuplicateCategory_002@abf688e]" started-at="2020-11-23T22:28:15 CST" name="tearDown" finished-at="2020-11-23T22:28:16 CST" duration-ms="353" status="PASS">
          <reporter-output>
          </reporter-output>
        </test-method> <!-- tearDown -->
      </class> <!-- com.tfAutomationProject.testCases.TC_DuplicateCategory_002 -->
    </test> <!-- TestAdd_RemoveCat2 -->
    <test started-at="2020-11-23T22:28:16 CST" name="TestAdd_RemoveCat3" finished-at="2020-11-23T22:28:21 CST" duration-ms="5175">
      <class name="com.tfAutomationProject.testCases.TC_AllMonthsDisplayed_003">
        <test-method is-config="true" signature="setUp()[pri:0, instance:com.tfAutomationProject.testCases.TC_AllMonthsDisplayed_003@aa549e5]" started-at="2020-11-23T22:28:16 CST" name="setUp" finished-at="2020-11-23T22:28:19 CST" duration-ms="2673" status="PASS">
          <reporter-output>
          </reporter-output>
        </test-method> <!-- setUp -->
        <test-method signature="displayMonthDd()[pri:0, instance:com.tfAutomationProject.testCases.TC_AllMonthsDisplayed_003@aa549e5]" started-at="2020-11-23T22:28:19 CST" name="displayMonthDd" finished-at="2020-11-23T22:28:21 CST" duration-ms="2145" status="PASS">
          <reporter-output>
          </reporter-output>
        </test-method> <!-- displayMonthDd -->
        <test-method is-config="true" signature="tearDown()[pri:0, instance:com.tfAutomationProject.testCases.TC_AllMonthsDisplayed_003@aa549e5]" started-at="2020-11-23T22:28:21 CST" name="tearDown" finished-at="2020-11-23T22:28:21 CST" duration-ms="315" status="PASS">
          <reporter-output>
          </reporter-output>
        </test-method> <!-- tearDown -->
      </class> <!-- com.tfAutomationProject.testCases.TC_AllMonthsDisplayed_003 -->
    </test> <!-- TestAdd_RemoveCat3 -->
  </suite> <!-- TFAutomationProject -->
</testng-results>
